mode: set
backend/services/userService/jwtHelper/jwt_helper.go:15.79,32.16 6 1
backend/services/userService/jwtHelper/jwt_helper.go:32.16,34.3 1 0
backend/services/userService/jwtHelper/jwt_helper.go:37.2,44.12 2 1
backend/services/userService/jwtHelper/jwt_helper.go:47.98,48.86 1 1
backend/services/userService/jwtHelper/jwt_helper.go:48.86,50.3 1 1
backend/services/userService/jwtHelper/jwt_helper.go:51.2,51.8 1 1
backend/services/userService/middleware/jwt-guard.go:12.47,13.71 1 1
backend/services/userService/middleware/jwt-guard.go:13.71,17.17 2 1
backend/services/userService/middleware/jwt-guard.go:17.17,18.31 1 1
backend/services/userService/middleware/jwt-guard.go:18.31,21.5 2 1
backend/services/userService/middleware/jwt-guard.go:22.4,23.10 2 0
backend/services/userService/middleware/jwt-guard.go:27.3,31.19 4 1
backend/services/userService/middleware/jwt-guard.go:31.19,34.4 2 1
backend/services/userService/middleware/jwt-guard.go:37.3,40.40 2 1
backend/services/userService/controller/oauth_controller.go:23.62,37.2 5 0
backend/services/userService/controller/oauth_controller.go:39.84,41.16 2 0
backend/services/userService/controller/oauth_controller.go:41.16,44.3 2 0
backend/services/userService/controller/oauth_controller.go:46.2,51.21 3 0
backend/services/userService/controller/oauth_controller.go:51.21,54.3 2 0
backend/services/userService/controller/oauth_controller.go:58.2,58.75 1 0
backend/services/userService/controller/oauth_controller.go:68.82,72.2 3 0
backend/services/userService/controller/oauth_controller.go:82.80,83.66 1 0
backend/services/userService/controller/oauth_controller.go:83.66,88.22 2 0
backend/services/userService/controller/oauth_controller.go:88.22,91.4 2 0
backend/services/userService/controller/oauth_controller.go:92.3,92.76 1 0
backend/services/userService/controller/oauth_controller.go:94.8,96.3 1 0
backend/services/userService/controller/user_controller.go:20.60,24.2 1 1
backend/services/userService/controller/user_controller.go:37.81,43.23 3 1
backend/services/userService/controller/user_controller.go:43.23,45.19 2 1
backend/services/userService/controller/user_controller.go:45.19,48.4 2 1
backend/services/userService/controller/user_controller.go:49.3,49.35 1 1
backend/services/userService/controller/user_controller.go:64.80,69.16 3 1
backend/services/userService/controller/user_controller.go:69.16,72.3 2 1
backend/services/userService/controller/user_controller.go:75.2,76.16 2 1
backend/services/userService/controller/user_controller.go:76.16,79.3 2 1
backend/services/userService/controller/user_controller.go:82.2,82.68 1 1
backend/services/userService/controller/user_controller.go:98.79,103.16 3 1
backend/services/userService/controller/user_controller.go:103.16,106.3 2 1
backend/services/userService/controller/user_controller.go:109.2,111.18 2 1
backend/services/userService/controller/user_controller.go:111.18,114.3 2 1
backend/services/userService/controller/user_controller.go:117.2,119.31 2 1
backend/services/userService/controller/user_controller.go:119.31,122.3 2 1
backend/services/userService/controller/user_controller.go:125.2,127.21 2 1
backend/services/userService/controller/user_controller.go:127.21,130.3 2 0
backend/services/userService/controller/user_controller.go:132.2,132.75 1 1
backend/services/userService/controller/user_controller.go:144.80,153.2 2 1
backend/services/userService/controller/user_controller.go:168.85,175.25 3 1
backend/services/userService/controller/user_controller.go:175.25,177.3 1 0
backend/services/userService/controller/user_controller.go:179.2,181.75 2 1
backend/services/userService/jwtHelper/jwt_helper.go:15.79,32.16 6 1
backend/services/userService/jwtHelper/jwt_helper.go:32.16,34.3 1 0
backend/services/userService/jwtHelper/jwt_helper.go:37.2,44.12 2 1
backend/services/userService/jwtHelper/jwt_helper.go:47.98,48.86 1 0
backend/services/userService/jwtHelper/jwt_helper.go:48.86,50.3 1 0
backend/services/userService/jwtHelper/jwt_helper.go:51.2,51.8 1 0
backend/services/userService/models/auth.go:15.38,16.11 1 1
backend/services/userService/models/auth.go:17.16,18.22 1 1
backend/services/userService/models/auth.go:19.17,20.23 1 1
backend/services/userService/models/auth.go:21.10,22.35 1 0
backend/services/userService/models/auth.go:26.52,28.2 1 1
backend/services/userService/repository/gorm_repo.go:9.57,13.2 1 0
backend/services/userService/repository/user_repo.go:16.80,18.25 2 0
backend/services/userService/repository/user_repo.go:18.25,20.3 1 0
backend/services/userService/repository/user_repo.go:21.2,21.30 1 0
backend/services/userService/repository/user_repo.go:21.30,23.3 1 0
backend/services/userService/repository/user_repo.go:24.2,24.8 1 0
backend/services/userService/repository/user_repo.go:27.85,30.2 2 0
backend/services/userService/repository/user_repo.go:32.108,35.72 1 0
backend/services/userService/repository/user_repo.go:35.72,37.3 1 0
backend/services/userService/repository/user_repo.go:40.2,42.18 2 0
backend/services/userService/repository/user_repo.go:42.18,44.3 1 0
backend/services/userService/repository/user_repo.go:46.2,54.33 3 0
